build/app/intermediates/manifest_merge_blame_file/debug/manifest-merger-blame-debug-report.txt
1<?xml version="1.0" encoding="utf-8"?>
2<manifest xmlns:android="http://schemas.android.com/apk/res/android"
3    package="com.mintindola.aces.dev"
4    android:versionCode="1"
5    android:versionName="1.0.0" >
6
7    <uses-sdk
8        android:minSdkVersion="21"
9        android:targetSdkVersion="31" />
10    <!--
11         Flutter needs it to communicate with the running application
12         to allow setting breakpoints, to provide hot reload, etc.
13    -->
14    <uses-permission android:name="android.permission.INTERNET" />
14-->src/main/AndroidManifest.xml:4:4-65
14-->src/main/AndroidManifest.xml:4:21-63
15    <uses-permission android:name="android.permission.ACCESS_NETWORK_STATE" />
15-->[com.google.firebase:firebase-auth:21.0.1] AndroidManifest.xml:24:5-79
15-->[com.google.firebase:firebase-auth:21.0.1] AndroidManifest.xml:24:22-76
16    <uses-permission android:name="com.google.android.finsky.permission.BIND_GET_INSTALL_REFERRER_SERVICE" />
16-->[com.android.installreferrer:installreferrer:1.0] AndroidManifest.xml:9:5-110
16-->[com.android.installreferrer:installreferrer:1.0] AndroidManifest.xml:9:22-107
17
18    <application
18-->src/main/AndroidManifest.xml:6:4-67:19
19        android:appComponentFactory="androidx.core.app.CoreComponentFactory"
19-->[androidx.core:core:1.6.0] AndroidManifest.xml:24:18-86
20        android:debuggable="true"
21        android:icon="@mipmap/ic_launcher"
21-->src/main/AndroidManifest.xml:9:9-43
22        android:label="aces-app-dev"
22-->src/main/AndroidManifest.xml:7:9-37
23        android:requestLegacyExternalStorage="true"
23-->src/main/AndroidManifest.xml:10:9-52
24        android:supportsRtl="true" >
24-->[com.facebook.android:facebook-login:12.2.0] AndroidManifest.xml:28:18-44
25        <meta-data
25-->src/main/AndroidManifest.xml:11:9-12:50
26            android:name="com.facebook.sdk.ApplicationId"
26-->src/main/AndroidManifest.xml:11:20-65
27            android:value="@string/facebook_app_id" />
27-->src/main/AndroidManifest.xml:12:9-48
28
29        <activity
29-->src/main/AndroidManifest.xml:13:9-16:48
30            android:name="com.facebook.FacebookActivity"
30-->src/main/AndroidManifest.xml:13:19-63
31            android:configChanges="keyboard|keyboardHidden|screenLayout|screenSize|orientation"
31-->src/main/AndroidManifest.xml:14:13-117
32            android:label="@string/app_name"
32-->src/main/AndroidManifest.xml:16:13-45
33            android:theme="@style/com_facebook_activity_theme" />
33-->[com.facebook.android:facebook-common:12.2.0] AndroidManifest.xml:33:13-63
34        <activity
34-->src/main/AndroidManifest.xml:17:9-26:20
35            android:name="com.facebook.CustomTabActivity"
35-->src/main/AndroidManifest.xml:18:13-58
36            android:exported="true" >
36-->src/main/AndroidManifest.xml:19:13-36
37            <intent-filter>
37-->src/main/AndroidManifest.xml:20:13-25:29
38                <action android:name="android.intent.action.VIEW" />
38-->src/main/AndroidManifest.xml:21:17-69
38-->src/main/AndroidManifest.xml:21:25-66
39
40                <category android:name="android.intent.category.DEFAULT" />
40-->src/main/AndroidManifest.xml:22:17-76
40-->src/main/AndroidManifest.xml:22:27-73
41                <category android:name="android.intent.category.BROWSABLE" />
41-->src/main/AndroidManifest.xml:23:17-78
41-->src/main/AndroidManifest.xml:23:27-75
42
43                <data android:scheme="@string/fb_login_protocol_scheme" />
43-->src/main/AndroidManifest.xml:24:17-75
43-->src/main/AndroidManifest.xml:24:23-72
44            </intent-filter>
45            <intent-filter>
45-->[com.facebook.android:facebook-common:12.2.0] AndroidManifest.xml:39:13-48:29
46                <action android:name="android.intent.action.VIEW" />
46-->src/main/AndroidManifest.xml:21:17-69
46-->src/main/AndroidManifest.xml:21:25-66
47
48                <category android:name="android.intent.category.DEFAULT" />
48-->src/main/AndroidManifest.xml:22:17-76
48-->src/main/AndroidManifest.xml:22:27-73
49                <category android:name="android.intent.category.BROWSABLE" />
49-->src/main/AndroidManifest.xml:23:17-78
49-->src/main/AndroidManifest.xml:23:27-75
50
51                <data
51-->src/main/AndroidManifest.xml:24:17-75
52                    android:host="cct.com.mintindola.aces.dev"
53                    android:scheme="fbconnect" />
53-->src/main/AndroidManifest.xml:24:23-72
54            </intent-filter>
55        </activity>
56        <activity
56-->src/main/AndroidManifest.xml:28:9-57:20
57            android:name="com.mintindola.aces.dev.MainActivity"
57-->src/main/AndroidManifest.xml:29:13-41
58            android:configChanges="orientation|keyboardHidden|keyboard|screenSize|smallestScreenSize|locale|layoutDirection|fontScale|screenLayout|density|uiMode"
58-->src/main/AndroidManifest.xml:33:13-163
59            android:exported="true"
59-->src/main/AndroidManifest.xml:30:13-36
60            android:hardwareAccelerated="true"
60-->src/main/AndroidManifest.xml:34:13-47
61            android:launchMode="singleTop"
61-->src/main/AndroidManifest.xml:31:13-43
62            android:theme="@style/LaunchTheme"
62-->src/main/AndroidManifest.xml:32:13-47
63            android:windowSoftInputMode="adjustResize" >
63-->src/main/AndroidManifest.xml:35:13-55
64
65            <!--
66                 Specifies an Android theme to apply to this Activity as soon as
67                 the Android process has started. This theme is visible to the user
68                 while the Flutter UI initializes. After that, this theme continues
69                 to determine the Window background behind the Flutter UI.
70            -->
71            <meta-data
71-->src/main/AndroidManifest.xml:40:13-43:17
72                android:name="io.flutter.embedding.android.NormalTheme"
72-->src/main/AndroidManifest.xml:41:15-70
73                android:resource="@style/NormalTheme" />
73-->src/main/AndroidManifest.xml:42:15-52
74            <!--
75                 Displays an Android View that continues showing the launch screen
76                 Drawable until Flutter paints its first frame, then this splash
77                 screen fades out. A splash screen is useful to avoid any visual
78                 gap between the end of Android's launch screen and the painting of
79                 Flutter's first frame.
80            -->
81            <meta-data
81-->src/main/AndroidManifest.xml:49:13-52:17
82                android:name="io.flutter.embedding.android.SplashScreenDrawable"
82-->src/main/AndroidManifest.xml:50:15-79
83                android:resource="@drawable/launch_background" />
83-->src/main/AndroidManifest.xml:51:15-61
84
85            <intent-filter>
85-->src/main/AndroidManifest.xml:53:13-56:29
86                <action android:name="android.intent.action.MAIN" />
86-->src/main/AndroidManifest.xml:54:17-68
86-->src/main/AndroidManifest.xml:54:25-66
87
88                <category android:name="android.intent.category.LAUNCHER" />
88-->src/main/AndroidManifest.xml:55:17-76
88-->src/main/AndroidManifest.xml:55:27-74
89            </intent-filter>
90        </activity>
91
92        <!--
93             Don't delete the meta-data below.
94             This is used by the Flutter tool to generate GeneratedPluginRegistrant.java
95        -->
96        <meta-data
96-->src/main/AndroidManifest.xml:61:9-63:33
97            android:name="flutterEmbedding"
97-->src/main/AndroidManifest.xml:62:13-44
98            android:value="2" />
98-->src/main/AndroidManifest.xml:63:13-30
99
100        <service
100-->[:cloud_firestore] AndroidManifest.xml:8:9-12:19
101            android:name="com.google.firebase.components.ComponentDiscoveryService"
101-->[:cloud_firestore] AndroidManifest.xml:8:18-89
102            android:directBootAware="true"
102-->[com.google.firebase:firebase-common:20.0.0] AndroidManifest.xml:35:13-43
103            android:exported="false" >
103-->[com.google.firebase:firebase-auth:21.0.1] AndroidManifest.xml:76:13-37
104            <meta-data
104-->[:cloud_firestore] AndroidManifest.xml:9:13-11:85
105                android:name="com.google.firebase.components:io.flutter.plugins.firebase.firestore.FlutterFirebaseFirestoreRegistrar"
105-->[:cloud_firestore] AndroidManifest.xml:10:17-134
106                android:value="com.google.firebase.components.ComponentRegistrar" />
106-->[:cloud_firestore] AndroidManifest.xml:11:17-82
107            <meta-data
107-->[:firebase_auth] AndroidManifest.xml:9:13-11:85
108                android:name="com.google.firebase.components:io.flutter.plugins.firebase.auth.FlutterFirebaseAuthRegistrar"
108-->[:firebase_auth] AndroidManifest.xml:10:17-124
109                android:value="com.google.firebase.components.ComponentRegistrar" />
109-->[:firebase_auth] AndroidManifest.xml:11:17-82
110            <meta-data
110-->[:firebase_storage] AndroidManifest.xml:9:13-11:85
111                android:name="com.google.firebase.components:io.flutter.plugins.firebase.storage.FlutterFirebaseAppRegistrar"
111-->[:firebase_storage] AndroidManifest.xml:10:17-126
112                android:value="com.google.firebase.components.ComponentRegistrar" />
112-->[:firebase_storage] AndroidManifest.xml:11:17-82
113            <meta-data
113-->[:firebase_core] AndroidManifest.xml:9:13-11:85
114                android:name="com.google.firebase.components:io.flutter.plugins.firebase.core.FlutterFirebaseCoreRegistrar"
114-->[:firebase_core] AndroidManifest.xml:10:17-124
115                android:value="com.google.firebase.components.ComponentRegistrar" />
115-->[:firebase_core] AndroidManifest.xml:11:17-82
116            <meta-data
116-->[com.google.firebase:firebase-auth:21.0.1] AndroidManifest.xml:77:13-79:85
117                android:name="com.google.firebase.components:com.google.firebase.auth.FirebaseAuthRegistrar"
117-->[com.google.firebase:firebase-auth:21.0.1] AndroidManifest.xml:78:17-109
118                android:value="com.google.firebase.components.ComponentRegistrar" />
118-->[com.google.firebase:firebase-auth:21.0.1] AndroidManifest.xml:79:17-82
119            <meta-data
119-->[com.google.firebase:firebase-firestore:24.0.0] AndroidManifest.xml:20:13-22:85
120                android:name="com.google.firebase.components:com.google.firebase.firestore.FirestoreRegistrar"
120-->[com.google.firebase:firebase-firestore:24.0.0] AndroidManifest.xml:21:17-111
121                android:value="com.google.firebase.components.ComponentRegistrar" />
121-->[com.google.firebase:firebase-firestore:24.0.0] AndroidManifest.xml:22:17-82
122            <meta-data
122-->[com.google.firebase:firebase-storage:20.0.0] AndroidManifest.xml:33:13-35:85
123                android:name="com.google.firebase.components:com.google.firebase.storage.StorageRegistrar"
123-->[com.google.firebase:firebase-storage:20.0.0] AndroidManifest.xml:34:17-107
124                android:value="com.google.firebase.components.ComponentRegistrar" />
124-->[com.google.firebase:firebase-storage:20.0.0] AndroidManifest.xml:35:17-82
125        </service>
126
127        <provider
127-->[:image_picker] AndroidManifest.xml:8:9-16:20
128            android:name="io.flutter.plugins.imagepicker.ImagePickerFileProvider"
128-->[:image_picker] AndroidManifest.xml:9:13-82
129            android:authorities="com.mintindola.aces.dev.flutter.image_provider"
129-->[:image_picker] AndroidManifest.xml:10:13-74
130            android:exported="false"
130-->[:image_picker] AndroidManifest.xml:11:13-37
131            android:grantUriPermissions="true" >
131-->[:image_picker] AndroidManifest.xml:12:13-47
132            <meta-data
132-->[:image_picker] AndroidManifest.xml:13:13-15:75
133                android:name="android.support.FILE_PROVIDER_PATHS"
133-->[:image_picker] AndroidManifest.xml:14:17-67
134                android:resource="@xml/flutter_image_picker_file_paths" />
134-->[:image_picker] AndroidManifest.xml:15:17-72
135        </provider>
136        <provider
136-->[:share_plus] AndroidManifest.xml:8:9-16:20
137            android:name="dev.fluttercommunity.plus.share.ShareFileProvider"
137-->[:share_plus] AndroidManifest.xml:9:13-77
138            android:authorities="com.mintindola.aces.dev.flutter.share_provider"
138-->[:share_plus] AndroidManifest.xml:10:13-74
139            android:exported="false"
139-->[:share_plus] AndroidManifest.xml:11:13-37
140            android:grantUriPermissions="true" >
140-->[:share_plus] AndroidManifest.xml:12:13-47
141            <meta-data
141-->[:image_picker] AndroidManifest.xml:13:13-15:75
142                android:name="android.support.FILE_PROVIDER_PATHS"
142-->[:image_picker] AndroidManifest.xml:14:17-67
143                android:resource="@xml/flutter_share_file_paths" />
143-->[:image_picker] AndroidManifest.xml:15:17-72
144        </provider>
145
146        <activity
146-->[:url_launcher] AndroidManifest.xml:8:9-11:74
147            android:name="io.flutter.plugins.urllauncher.WebViewActivity"
147-->[:url_launcher] AndroidManifest.xml:9:13-74
148            android:exported="false"
148-->[:url_launcher] AndroidManifest.xml:10:13-37
149            android:theme="@android:style/Theme.NoTitleBar.Fullscreen" />
149-->[:url_launcher] AndroidManifest.xml:11:13-71
150        <activity android:name="com.facebook.CustomTabMainActivity" />
150-->[com.facebook.android:facebook-common:12.2.0] AndroidManifest.xml:34:9-71
150-->[com.facebook.android:facebook-common:12.2.0] AndroidManifest.xml:34:19-68
151        <!--
152         The initialization ContentProvider will call FacebookSdk.sdkInitialize automatically
153         with the application context. This config is merged in with the host app's manifest,
154         but there can only be one provider with the same authority activated at any given
155         point; so if the end user has two or more different apps that use Facebook SDK, only the
156         first one will be able to use the provider. To work around this problem, we use the
157         following placeholder in the authority to identify each host application as if it was
158         a completely different provider.
159        -->
160        <provider
160-->[com.facebook.android:facebook-core:12.2.0] AndroidManifest.xml:39:9-42:40
161            android:name="com.facebook.internal.FacebookInitProvider"
161-->[com.facebook.android:facebook-core:12.2.0] AndroidManifest.xml:40:13-70
162            android:authorities="com.mintindola.aces.dev.FacebookInitProvider"
162-->[com.facebook.android:facebook-core:12.2.0] AndroidManifest.xml:41:13-72
163            android:exported="false" />
163-->[com.facebook.android:facebook-core:12.2.0] AndroidManifest.xml:42:13-37
164
165        <receiver
165-->[com.facebook.android:facebook-core:12.2.0] AndroidManifest.xml:44:9-50:20
166            android:name="com.facebook.CurrentAccessTokenExpirationBroadcastReceiver"
166-->[com.facebook.android:facebook-core:12.2.0] AndroidManifest.xml:45:13-86
167            android:exported="false" >
167-->[com.facebook.android:facebook-core:12.2.0] AndroidManifest.xml:46:13-37
168            <intent-filter>
168-->[com.facebook.android:facebook-core:12.2.0] AndroidManifest.xml:47:13-49:29
169                <action android:name="com.facebook.sdk.ACTION_CURRENT_ACCESS_TOKEN_CHANGED" />
169-->[com.facebook.android:facebook-core:12.2.0] AndroidManifest.xml:48:17-95
169-->[com.facebook.android:facebook-core:12.2.0] AndroidManifest.xml:48:25-92
170            </intent-filter>
171        </receiver>
172        <receiver
172-->[com.facebook.android:facebook-core:12.2.0] AndroidManifest.xml:51:9-57:20
173            android:name="com.facebook.AuthenticationTokenManager$CurrentAuthenticationTokenChangedBroadcastReceiver"
173-->[com.facebook.android:facebook-core:12.2.0] AndroidManifest.xml:52:13-118
174            android:exported="false" >
174-->[com.facebook.android:facebook-core:12.2.0] AndroidManifest.xml:53:13-37
175            <intent-filter>
175-->[com.facebook.android:facebook-core:12.2.0] AndroidManifest.xml:54:13-56:29
176                <action android:name="com.facebook.sdk.ACTION_CURRENT_AUTHENTICATION_TOKEN_CHANGED" />
176-->[com.facebook.android:facebook-core:12.2.0] AndroidManifest.xml:55:17-103
176-->[com.facebook.android:facebook-core:12.2.0] AndroidManifest.xml:55:25-100
177            </intent-filter>
178        </receiver>
179
180        <activity
180-->[com.google.firebase:firebase-auth:21.0.1] AndroidManifest.xml:27:9-44:20
181            android:name="com.google.firebase.auth.internal.GenericIdpActivity"
181-->[com.google.firebase:firebase-auth:21.0.1] AndroidManifest.xml:28:13-80
182            android:excludeFromRecents="true"
182-->[com.google.firebase:firebase-auth:21.0.1] AndroidManifest.xml:29:13-46
183            android:exported="true"
183-->[com.google.firebase:firebase-auth:21.0.1] AndroidManifest.xml:30:13-36
184            android:launchMode="singleTask"
184-->[com.google.firebase:firebase-auth:21.0.1] AndroidManifest.xml:31:13-44
185            android:theme="@android:style/Theme.Translucent.NoTitleBar" >
185-->[com.google.firebase:firebase-auth:21.0.1] AndroidManifest.xml:32:13-72
186            <intent-filter>
186-->[com.google.firebase:firebase-auth:21.0.1] AndroidManifest.xml:33:13-43:29
187                <action android:name="android.intent.action.VIEW" />
187-->src/main/AndroidManifest.xml:21:17-69
187-->src/main/AndroidManifest.xml:21:25-66
188
189                <category android:name="android.intent.category.DEFAULT" />
189-->src/main/AndroidManifest.xml:22:17-76
189-->src/main/AndroidManifest.xml:22:27-73
190                <category android:name="android.intent.category.BROWSABLE" />
190-->src/main/AndroidManifest.xml:23:17-78
190-->src/main/AndroidManifest.xml:23:27-75
191
192                <data
192-->src/main/AndroidManifest.xml:24:17-75
193                    android:host="firebase.auth"
194                    android:path="/"
195                    android:scheme="genericidp" />
195-->src/main/AndroidManifest.xml:24:23-72
196            </intent-filter>
197        </activity>
198        <activity
198-->[com.google.firebase:firebase-auth:21.0.1] AndroidManifest.xml:45:9-62:20
199            android:name="com.google.firebase.auth.internal.RecaptchaActivity"
199-->[com.google.firebase:firebase-auth:21.0.1] AndroidManifest.xml:46:13-79
200            android:excludeFromRecents="true"
200-->[com.google.firebase:firebase-auth:21.0.1] AndroidManifest.xml:47:13-46
201            android:exported="true"
201-->[com.google.firebase:firebase-auth:21.0.1] AndroidManifest.xml:48:13-36
202            android:launchMode="singleTask"
202-->[com.google.firebase:firebase-auth:21.0.1] AndroidManifest.xml:49:13-44
203            android:theme="@android:style/Theme.Translucent.NoTitleBar" >
203-->[com.google.firebase:firebase-auth:21.0.1] AndroidManifest.xml:50:13-72
204            <intent-filter>
204-->[com.google.firebase:firebase-auth:21.0.1] AndroidManifest.xml:51:13-61:29
205                <action android:name="android.intent.action.VIEW" />
205-->src/main/AndroidManifest.xml:21:17-69
205-->src/main/AndroidManifest.xml:21:25-66
206
207                <category android:name="android.intent.category.DEFAULT" />
207-->src/main/AndroidManifest.xml:22:17-76
207-->src/main/AndroidManifest.xml:22:27-73
208                <category android:name="android.intent.category.BROWSABLE" />
208-->src/main/AndroidManifest.xml:23:17-78
208-->src/main/AndroidManifest.xml:23:27-75
209
210                <data
210-->src/main/AndroidManifest.xml:24:17-75
211                    android:host="firebase.auth"
212                    android:path="/"
213                    android:scheme="recaptcha" />
213-->src/main/AndroidManifest.xml:24:23-72
214            </intent-filter>
215        </activity>
216
217        <service
217-->[com.google.firebase:firebase-auth:21.0.1] AndroidManifest.xml:64:9-73:19
218            android:name="com.google.firebase.auth.api.fallback.service.FirebaseAuthFallbackService"
218-->[com.google.firebase:firebase-auth:21.0.1] AndroidManifest.xml:65:13-101
219            android:enabled="true"
219-->[com.google.firebase:firebase-auth:21.0.1] AndroidManifest.xml:66:13-35
220            android:exported="false" >
220-->[com.google.firebase:firebase-auth:21.0.1] AndroidManifest.xml:67:13-37
221            <intent-filter>
221-->[com.google.firebase:firebase-auth:21.0.1] AndroidManifest.xml:68:13-72:29
222                <action android:name="com.google.firebase.auth.api.gms.service.START" />
222-->[com.google.firebase:firebase-auth:21.0.1] AndroidManifest.xml:69:17-89
222-->[com.google.firebase:firebase-auth:21.0.1] AndroidManifest.xml:69:25-86
223
224                <category android:name="android.intent.category.DEFAULT" />
224-->src/main/AndroidManifest.xml:22:17-76
224-->src/main/AndroidManifest.xml:22:27-73
225            </intent-filter>
226        </service>
227
228        <provider
228-->[com.google.firebase:firebase-common:20.0.0] AndroidManifest.xml:26:9-31:39
229            android:name="com.google.firebase.provider.FirebaseInitProvider"
229-->[com.google.firebase:firebase-common:20.0.0] AndroidManifest.xml:27:13-77
230            android:authorities="com.mintindola.aces.dev.firebaseinitprovider"
230-->[com.google.firebase:firebase-common:20.0.0] AndroidManifest.xml:28:13-72
231            android:directBootAware="true"
231-->[com.google.firebase:firebase-common:20.0.0] AndroidManifest.xml:29:13-43
232            android:exported="false"
232-->[com.google.firebase:firebase-common:20.0.0] AndroidManifest.xml:30:13-37
233            android:initOrder="100" />
233-->[com.google.firebase:firebase-common:20.0.0] AndroidManifest.xml:31:13-36
234
235        <activity
235-->[com.google.android.gms:play-services-auth:16.0.1] AndroidManifest.xml:23:9-27:75
236            android:name="com.google.android.gms.auth.api.signin.internal.SignInHubActivity"
236-->[com.google.android.gms:play-services-auth:16.0.1] AndroidManifest.xml:24:13-93
237            android:excludeFromRecents="true"
237-->[com.google.android.gms:play-services-auth:16.0.1] AndroidManifest.xml:25:13-46
238            android:exported="false"
238-->[com.google.android.gms:play-services-auth:16.0.1] AndroidManifest.xml:26:13-37
239            android:theme="@android:style/Theme.Translucent.NoTitleBar" />
239-->[com.google.android.gms:play-services-auth:16.0.1] AndroidManifest.xml:27:13-72
240        <!--
241            Service handling Google Sign-In user revocation. For apps that do not integrate with
242            Google Sign-In, this service will never be started.
243        -->
244        <service
244-->[com.google.android.gms:play-services-auth:16.0.1] AndroidManifest.xml:33:9-36:110
245            android:name="com.google.android.gms.auth.api.signin.RevocationBoundService"
245-->[com.google.android.gms:play-services-auth:16.0.1] AndroidManifest.xml:34:13-89
246            android:exported="true"
246-->[com.google.android.gms:play-services-auth:16.0.1] AndroidManifest.xml:35:13-36
247            android:permission="com.google.android.gms.auth.api.signin.permission.REVOCATION_NOTIFICATION" />
247-->[com.google.android.gms:play-services-auth:16.0.1] AndroidManifest.xml:36:13-107
248
249        <activity
249-->[com.google.android.gms:play-services-base:17.1.0] AndroidManifest.xml:23:9-26:75
250            android:name="com.google.android.gms.common.api.GoogleApiActivity"
250-->[com.google.android.gms:play-services-base:17.1.0] AndroidManifest.xml:24:13-79
251            android:exported="false"
251-->[com.google.android.gms:play-services-base:17.1.0] AndroidManifest.xml:25:13-37
252            android:theme="@android:style/Theme.Translucent.NoTitleBar" />
252-->[com.google.android.gms:play-services-base:17.1.0] AndroidManifest.xml:26:13-72
253
254        <meta-data
254-->[com.google.android.gms:play-services-basement:17.1.0] AndroidManifest.xml:23:9-25:69
255            android:name="com.google.android.gms.version"
255-->[com.google.android.gms:play-services-basement:17.1.0] AndroidManifest.xml:24:13-58
256            android:value="@integer/google_play_services_version" />
256-->[com.google.android.gms:play-services-basement:17.1.0] AndroidManifest.xml:25:13-66
257    </application>
258
259</manifest>